2020-12-29 22:27:51 [信息] 管理员服务器将用户customer的请求信息存入session，然后跳转到管理员登录页面
2020-12-29 22:28:07 [信息] 管理员登录成功！
2020-12-29 22:30:48 [信息] 管理员同意请求，并根据图书信息执行添加操作！
2020-12-29 22:31:07 [信息] 管理员服务器将用户customer的请求信息存入session，然后跳转到管理员登录页面
2020-12-29 22:31:13 [信息] 管理员登录成功！
2020-12-29 22:31:51 [信息] 管理员决绝用户null的请求，直接返回用户页面！
2020-12-29 22:32:07 [信息] 管理员服务器将用户customer的请求信息存入session，然后跳转到管理员登录页面
2020-12-29 22:32:13 [信息] 管理员登录成功！
2020-12-29 22:33:22 [信息] 管理员决绝用户null的请求，直接返回用户页面！
2020-12-29 22:34:14 [信息] 管理员服务器将用户customer的请求信息存入session，然后跳转到管理员登录页面
2020-12-29 22:34:57 [信息] 管理员登录成功！
2020-12-29 22:35:04 [信息] 管理员同意请求，并根据图书信息执行添加操作！
2020-12-29 22:36:13 [信息] 管理员服务器将用户customer的请求信息存入session，然后跳转到管理员登录页面
2020-12-29 22:36:19 [信息] 管理员登录成功！
2020-12-29 22:36:37 [信息] 管理员决绝用户customer的请求，直接返回用户页面！
2020-12-30 08:13:57 [信息] 管理员服务器将用户customer的请求信息存入session，然后跳转到管理员登录页面
2020-12-30 08:14:04 [信息] 管理员登录成功！
2020-12-30 08:14:12 [信息] 管理员同意请求，并根据图书信息执行添加操作！
2020-12-30 08:20:23 [信息] 管理员服务器将用户customer的请求信息存入session，然后跳转到管理员登录页面
2020-12-30 08:20:36 [信息] 管理员登录成功！
2020-12-30 08:21:10 [信息] 管理员同意请求，并根据图书信息执行添加操作！
2021-01-06 16:49:51 [信息] 管理员服务器将用户business的请求信息存入session，然后跳转到管理员登录页面
2021-01-06 16:51:02 [信息] 管理员登录成功！
2021-01-06 16:53:32 [信息] 管理员同意请求，并根据图书信息执行添加操作！
