2020-12-21 22:05:26 [信息] 添加成功
2020-12-21 22:16:23 [信息] 执行查询操作，成功返回库存所有书籍的信息。
2020-12-21 22:27:53 [信息] 执行查询操作，成功返回库存所有书籍的信息。
2020-12-21 22:27:59 [信息] 书籍book6已存在，无需添加。
2020-12-21 22:47:54 [信息] 普通用户customer登录成功。
2020-12-21 22:49:45 [信息] 普通用户business登录成功。
2020-12-21 22:49:49 [信息] 执行查询操作，成功返回库存所有书籍的信息。
2020-12-21 22:50:06 [信息] 管理员admin登录成功。
2020-12-21 22:50:09 [信息] 查询对booklist有权限的用户的Select、Insert、Update权限
2020-12-21 22:50:23 [信息] 查询并返回对booklist表格所有行有权限的用户的Select、Insert、Update权限
2020-12-21 22:50:52 [信息] 查询对booklist有权限的用户的Select、Insert、Update权限
2020-12-21 22:51:12 [信息] 查询对booklist有权限的用户的Select、Insert、Update权限
2020-12-21 22:51:14 [信息] 查询对booklist有权限的用户的Select、Insert、Update权限
2020-12-21 22:51:57 [信息] 查询并返回对booklist表格所有行有权限的用户的Select、Insert、Update权限
2020-12-21 22:52:21 [信息] 修改用户对booklist某列的权限时未找到该用户或该列。
2020-12-21 22:53:42 [信息] 查询对booklist有权限的用户的Select、Insert、Update权限
2020-12-21 22:53:54 [信息] 管理员admin登录成功。
2020-12-21 22:53:58 [信息] 查询对booklist有权限的用户的Select、Insert、Update权限
2020-12-21 22:54:06 [信息] 查询并返回对booklist表格所有行有权限的用户的Select、Insert、Update权限
2020-12-21 22:54:32 [信息] 修改用户customer对表格booklistid列的权限为
2020-12-21 22:54:35 [信息] 查询并返回对booklist表格所有行有权限的用户的Select、Insert、Update权限
2020-12-21 22:57:24 [信息] 管理员admin登录成功。
2020-12-21 22:57:39 [信息] 普通用户customer登录成功。
2020-12-21 22:57:41 [信息] 执行查询操作，成功返回库存所有书籍的信息。
2020-12-21 22:57:57 [信息] 管理员admin登录成功。
2020-12-21 22:58:00 [信息] 执行查询操作，成功返回库存所有书籍的信息。
2020-12-21 22:58:04 [信息] 查询对booklist有权限的用户的Select、Insert、Update权限
2020-12-21 22:58:05 [信息] 查询并返回对booklist表格所有行有权限的用户的Select、Insert、Update权限
2020-12-21 22:58:08 [信息] 查询对booklist有权限的用户的Select、Insert、Update权限
2020-12-21 22:58:18 [信息] 修改用户customer对表格booklist的权限为Select,Insert,Update
2020-12-21 22:58:20 [信息] 查询对booklist有权限的用户的Select、Insert、Update权限
2020-12-21 22:58:23 [信息] 修改用户customer对表格booklist的权限为
2020-12-21 22:58:24 [信息] 查询对booklist有权限的用户的Select、Insert、Update权限
2020-12-21 22:58:27 [信息] 执行查询操作，成功返回库存所有书籍的信息。
2020-12-21 22:58:35 [信息] 执行查询操作，成功返回库存所有书籍的信息。
2020-12-21 22:58:52 [信息] 普通用户customer登录成功。
2020-12-21 22:58:53 [信息] 执行查询操作，成功返回库存所有书籍的信息。
2020-12-21 22:59:26 [信息] 执行查询操作，成功返回库存所有书籍的信息。
2020-12-21 23:04:53 [信息] 管理员admin登录成功。
2020-12-21 23:05:02 [信息] 普通用户customer登录成功。
2020-12-21 23:05:38 [信息] 管理员admin登录成功。
2020-12-21 23:05:41 [信息] 查询对booklist有权限的用户的Select、Insert、Update权限
2020-12-21 23:05:49 [信息] 执行查询操作，成功返回库存所有书籍的信息。
2020-12-21 23:07:58 [信息] 管理员admin登录成功。
2020-12-21 23:08:01 [信息] 查询对booklist有权限的用户的Select、Insert、Update权限
2020-12-21 23:08:02 [信息] 查询并返回对booklist表格所有行有权限的用户的Select、Insert、Update权限
2020-12-21 23:08:12 [信息] 普通用户customer登录成功。
2020-12-21 23:11:22 [信息] 管理员admin登录成功。
2020-12-21 23:11:39 [信息] 普通用户customer登录成功。
2020-12-21 23:11:42 [信息] 执行查询操作，成功返回库存所有书籍的信息。
2020-12-21 23:11:45 [信息] 查询对booklist有权限的用户的Select、Insert、Update权限
2020-12-21 23:12:51 [信息] 查询并返回对booklist表格所有行有权限的用户的Select、Insert、Update权限
2020-12-21 23:16:38 [信息] 普通用户customer登录成功。
2020-12-21 23:16:40 [信息] 执行查询操作，成功返回库存所有书籍的信息。
2020-12-21 23:19:38 [信息] 普通用户customer登录成功。
2020-12-21 23:19:40 [信息] 执行查询操作，成功返回库存所有书籍的信息。
2020-12-21 23:22:23 [信息] 书籍book6已存在，无需添加。
2020-12-21 23:22:32 [信息] 书籍book8已存在，无需添加。
2020-12-21 23:26:03 [信息] 普通用户customer登录成功。
2020-12-21 23:26:42 [信息] 管理员admin登录成功。
2020-12-21 23:26:43 [信息] 查询对booklist有权限的用户的Select、Insert、Update权限
2020-12-21 23:27:13 [信息] 未找到需要修改权限的该用户
2020-12-21 23:27:42 [信息] 查询对booklist有权限的用户的Select、Insert、Update权限
2020-12-22 16:39:56 [信息] 管理员admin登录成功。
2020-12-22 16:42:23 [信息] 查询对booklist有权限的用户的Select、Insert、Update权限
2020-12-22 16:42:30 [信息] 查询并返回对booklist表格所有行有权限的用户的Select、Insert、Update权限
2020-12-22 16:44:45 [信息] 管理员admin登录成功。
2020-12-22 16:44:50 [信息] 查询对booklist有权限的用户的Select、Insert、Update权限
2020-12-22 16:44:55 [信息] 查询并返回对booklist表格所有行有权限的用户的Select、Insert、Update权限
2020-12-22 16:53:45 [信息] 管理员admin登录成功。
2020-12-22 16:53:55 [信息] 查询对booklist有权限的用户的Select、Insert、Update权限
2020-12-22 16:53:57 [信息] 查询并返回对booklist表格所有行有权限的用户的Select、Insert、Update权限
2020-12-22 16:57:08 [信息] 查询并返回对booklist表格所有行有权限的用户的Select、Insert、Update权限
2020-12-22 16:57:22 [信息] 管理员admin登录成功。
2020-12-22 16:59:12 [信息] 管理员admin登录成功。
2020-12-22 16:59:16 [信息] 查询对booklist有权限的用户的Select、Insert、Update权限
2020-12-22 16:59:17 [信息] 查询并返回对booklist表格所有行有权限的用户的Select、Insert、Update权限
2020-12-22 17:04:37 [信息] 管理员admin登录成功。
2020-12-22 17:04:47 [信息] 普通用户business登录成功。
2020-12-22 17:10:00 [信息] 管理员admin登录成功。
2020-12-22 17:10:05 [信息] 查询对booklist有权限的用户的Select、Insert、Update权限
2020-12-22 17:18:08 [信息] 管理员admin登录成功。
2020-12-22 17:18:15 [信息] 查询对booklist有权限的用户的Select、Insert、Update权限
2020-12-22 17:18:19 [信息] 查询并返回对booklist表格所有行有权限的用户的Select、Insert、Update权限
2020-12-22 17:18:45 [信息] 普通用户business登录成功。
2020-12-22 17:18:46 [信息] 执行查询操作，成功返回库存所有书籍的信息。
2020-12-22 17:21:28 [信息] 管理员admin登录成功。
2020-12-22 17:22:05 [信息] 管理员admin登录成功。
2020-12-22 17:22:34 [信息] 查询对booklist有权限的用户的Select、Insert、Update权限
2020-12-22 17:22:45 [信息] 查询并返回对booklist表格所有行有权限的用户的Select、Insert、Update权限
2020-12-22 17:23:08 [信息] 普通用户business登录成功。
2020-12-22 17:23:10 [信息] 执行查询操作，成功返回库存所有书籍的信息。
2020-12-22 17:24:39 [信息] 普通用户business登录成功。
2020-12-22 17:24:41 [信息] 执行查询操作，成功返回库存所有书籍的信息。
2020-12-22 17:24:53 [信息] 普通用户business登录成功。
2020-12-22 17:24:55 [信息] 执行查询操作，成功返回库存所有书籍的信息。
2020-12-22 17:25:08 [信息] 管理员admin登录成功。
2020-12-22 17:25:12 [信息] 查询对booklist有权限的用户的Select、Insert、Update权限
2020-12-22 17:25:15 [信息] 查询并返回对booklist表格所有行有权限的用户的Select、Insert、Update权限
2020-12-22 17:26:03 [信息] 管理员admin登录成功。
2020-12-22 17:26:07 [信息] 查询对booklist有权限的用户的Select、Insert、Update权限
2020-12-22 17:26:09 [信息] 查询并返回对booklist表格所有行有权限的用户的Select、Insert、Update权限
2020-12-22 17:26:34 [信息] 普通用户business登录成功。
2020-12-22 17:26:43 [信息] 执行查询操作，成功返回库存所有书籍的信息。
2020-12-22 17:27:14 [信息] 执行查询操作，成功返回库存所有书籍的信息。
2020-12-22 17:29:24 [信息] 管理员admin登录成功。
2020-12-22 17:29:55 [信息] 查询对booklist有权限的用户的Select、Insert、Update权限
2020-12-22 17:29:56 [信息] 查询并返回对booklist表格所有行有权限的用户的Select、Insert、Update权限
2020-12-22 17:30:00 [信息] 查询对booklist有权限的用户的Select、Insert、Update权限
2020-12-22 17:32:12 [信息] 查询并返回对booklist表格所有行有权限的用户的Select、Insert、Update权限
2020-12-22 18:03:31 [信息] 普通用户business登录成功。
2020-12-22 18:03:32 [信息] 执行查询操作，成功返回库存所有书籍的信息。
2020-12-22 18:03:53 [信息] 添加书籍book01成功,该书价格为121.2，库存34本。
2020-12-22 18:03:56 [信息] 执行查询操作，成功返回库存所有书籍的信息。
2020-12-22 18:08:03 [信息] 普通用户business登录成功。
2020-12-22 18:08:07 [信息] 执行查询操作，成功返回库存所有书籍的信息。
2020-12-22 18:08:19 [信息] 管理员admin登录成功。
2020-12-22 18:10:43 [信息] 普通用户business登录成功。
2020-12-22 18:10:53 [信息] 普通用户business登录成功。
2020-12-22 18:10:54 [信息] 执行查询操作，成功返回库存所有书籍的信息。
2020-12-22 18:11:00 [信息] 管理员admin登录成功。
2020-12-22 18:11:03 [信息] 查询对booklist有权限的用户的Select、Insert、Update权限
2020-12-22 18:14:35 [信息] 管理员admin登录成功。
2020-12-22 18:14:42 [信息] 管理员admin登录成功。
2020-12-22 18:14:45 [信息] 查询对booklist有权限的用户的Select、Insert、Update权限
2020-12-22 18:14:46 [信息] 查询并返回对booklist表格所有行有权限的用户的Select、Insert、Update权限
2020-12-22 18:14:47 [信息] 查询对booklist有权限的用户的Select、Insert、Update权限
2020-12-22 18:23:54 [信息] 管理员admin登录成功。
2020-12-22 18:23:57 [信息] 查询对booklist有权限的用户的Select、Insert、Update权限
2020-12-22 18:32:49 [信息] 管理员admin登录成功。
2020-12-22 18:32:52 [信息] 查询对booklist有权限的用户的Select、Insert、Update权限
2020-12-22 18:37:19 [信息] 管理员admin登录成功。
2020-12-22 18:37:23 [信息] 查询并返回对booklist表格所有行有权限的用户的Select、Insert、Update权限
2020-12-22 18:40:59 [信息] 管理员admin登录成功。
2020-12-22 18:41:01 [信息] 查询对booklist有权限的用户的Select、Insert、Update权限
2020-12-22 18:45:52 [信息] 管理员admin登录成功。
2020-12-22 18:45:54 [信息] 查询对booklist有权限的用户的Select、Insert、Update权限
2020-12-22 18:47:25 [信息] 管理员admin登录成功。
2020-12-22 18:47:28 [信息] 查询对booklist有权限的用户的Select、Insert、Update权限
2020-12-22 18:49:50 [信息] 管理员admin登录成功。
2020-12-22 18:49:52 [信息] 查询对booklist有权限的用户的Select、Insert、Update权限
2020-12-22 18:53:17 [信息] 管理员admin登录成功。
2020-12-22 18:53:20 [信息] 查询并返回对booklist表格所有行有权限的用户的Select、Insert、Update权限
2020-12-22 19:02:04 [信息] 管理员admin登录成功。
2020-12-22 19:02:06 [信息] 查询对booklist有权限的用户的Select、Insert、Update权限
2020-12-22 19:02:28 [信息] 查询并返回对booklist表格所有行有权限的用户的Select、Insert、Update权限
2020-12-22 19:04:13 [信息] 管理员admin登录成功。
2020-12-22 19:04:16 [信息] 查询并返回对booklist表格所有行有权限的用户的Select、Insert、Update权限
2020-12-22 19:06:09 [信息] 查询对booklist有权限的用户的Select、Insert、Update权限
2020-12-22 19:12:25 [信息] 管理员admin登录成功。
2020-12-22 19:12:28 [信息] 查询对booklist有权限的用户的Select、Insert、Update权限
2020-12-22 19:25:11 [信息] 管理员admin登录成功。
2020-12-22 19:25:14 [信息] 查询对booklist有权限的用户的Select、Insert、Update权限
2020-12-22 19:28:18 [信息] 管理员admin登录成功。
2020-12-22 19:28:20 [信息] 查询对booklist有权限的用户的Select、Insert、Update权限
2020-12-22 19:35:13 [信息] 管理员admin登录成功。
2020-12-22 19:35:16 [信息] 查询对booklist有权限的用户的Select、Insert、Update权限
2020-12-22 19:35:25 [信息] 添加用户customer对表格booklist的权限Select,Insert
2020-12-22 19:35:27 [信息] 查询对booklist有权限的用户的Select、Insert、Update权限
2020-12-22 19:44:30 [信息] 普通用户business登录成功。
2020-12-22 19:46:08 [信息] 管理员admin登录成功。
2020-12-22 19:48:50 [信息] 查询对booklist有权限的用户的Select、Insert、Update权限
2020-12-22 19:51:12 [信息] 查询并返回对booklist表格所有行有权限的用户的Select、Insert、Update权限
2020-12-22 19:51:52 [信息] 普通用户business登录成功。
2020-12-22 19:51:55 [信息] 执行查询操作，成功返回库存所有书籍的信息。
2020-12-22 19:52:51 [信息] 添加书籍book02成功,该书价格为45.8，库存20本。
2020-12-22 19:52:54 [信息] 执行查询操作，成功返回库存所有书籍的信息。
2020-12-22 19:53:33 [信息] 执行查询操作，成功返回库存所有书籍的信息。
2020-12-22 19:53:40 [信息] 普通用户business登录成功。
2020-12-22 19:53:55 [信息] 普通用户customer登录成功。
2020-12-22 19:53:56 [信息] 执行查询操作，成功返回库存所有书籍的信息。
2020-12-22 19:55:08 [信息] 添加书籍book03成功,该书价格为35.8，库存34本。
2020-12-22 19:55:28 [信息] 执行查询操作，成功返回库存所有书籍的信息。
2020-12-22 19:57:34 [信息] 管理员admin登录成功。
2020-12-22 19:57:37 [信息] 查询对booklist有权限的用户的Select、Insert、Update权限
2020-12-22 20:04:07 [信息] 管理员admin登录成功。
2020-12-22 20:04:09 [信息] 查询对booklist有权限的用户的Select、Insert、Update权限
2020-12-22 20:05:16 [信息] 管理员admin登录成功。
2020-12-22 20:05:19 [信息] 查询对booklist有权限的用户的Select、Insert、Update权限
2020-12-22 20:05:24 [信息] 删除用户customer对表格booklist的权限Select,Insert
2020-12-22 20:05:27 [信息] 查询对booklist有权限的用户的Select、Insert、Update权限
2020-12-22 20:05:56 [信息] 添加用户business对表格booklist的权限Select
2020-12-22 20:05:59 [信息] 查询对booklist有权限的用户的Select、Insert、Update权限
2020-12-22 20:06:12 [信息] 添加用户customer对表格booklist的权限Select,Insert,Update
2020-12-22 20:06:14 [信息] 查询对booklist有权限的用户的Select、Insert、Update权限
2020-12-22 20:06:19 [信息] 删除用户customer对表格booklist的权限Select,Insert,Update
2020-12-22 20:06:57 [信息] 查询对booklist有权限的用户的Select、Insert、Update权限
2020-12-22 20:07:57 [信息] 删除用户business对表格booklist的权限Insert
2020-12-22 20:07:59 [信息] 查询对booklist有权限的用户的Select、Insert、Update权限
2020-12-22 20:14:28 [信息] 普通用户customer登录成功。
2020-12-22 20:16:24 [信息] 普通用户business登录成功。
2020-12-22 20:16:25 [信息] 执行查询操作，成功返回库存所有书籍的信息。
2020-12-22 20:17:48 [信息] 管理员admin登录成功。
2020-12-22 20:17:50 [信息] 查询并返回对booklist表格所有行有权限的用户的Select、Insert、Update权限
2020-12-22 20:19:38 [信息] 添加用户customer对表格booklist的权限Select
2020-12-22 20:19:44 [信息] 添加用户business对表格booklist的权限Insert
2020-12-22 20:19:46 [信息] 查询对booklist有权限的用户的Select、Insert、Update权限
2020-12-22 20:19:48 [信息] 查询并返回对booklist表格所有行有权限的用户的Select、Insert、Update权限
2020-12-22 20:21:00 [信息] 添加用户customer对表格booklist的权限Select(id),Insert(id),Update(id)
2020-12-22 20:21:02 [信息] 查询并返回对booklist表格所有行有权限的用户的Select、Insert、Update权限
2020-12-22 20:21:30 [信息] 添加用户customer对表格booklist的权限Select(name)
2020-12-22 20:21:38 [信息] 添加用户customer对表格booklist的权限Select(price)
2020-12-22 20:21:47 [信息] 添加用户customer对表格booklist的权限Select(remain)
2020-12-22 20:21:49 [信息] 查询并返回对booklist表格所有行有权限的用户的Select、Insert、Update权限
2020-12-22 20:22:54 [信息] 删除用户customer对表格booklist的权限Select
2020-12-22 20:22:57 [信息] 查询对booklist有权限的用户的Select、Insert、Update权限
2020-12-22 20:23:07 [信息] 普通用户customer登录成功。
2020-12-22 20:23:34 [信息] 管理员admin登录成功。
2020-12-22 20:23:38 [信息] 查询对booklist有权限的用户的Select、Insert、Update权限
2020-12-22 20:23:44 [信息] 添加用户customer对表格booklist的权限Select
2020-12-22 20:23:46 [信息] 查询对booklist有权限的用户的Select、Insert、Update权限
2020-12-22 20:23:56 [信息] 普通用户customer登录成功。
2020-12-22 20:24:00 [信息] 执行查询操作，成功返回库存所有书籍的信息。
2020-12-22 20:24:14 [信息] 管理员admin登录成功。
2020-12-22 20:25:12 [信息] 删除用户customer对表格booklist的权限Select(id)
2020-12-22 20:25:13 [信息] 查询并返回对booklist表格所有行有权限的用户的Select、Insert、Update权限
2020-12-22 20:25:25 [信息] 普通用户customer登录成功。
2020-12-22 20:25:27 [信息] 执行查询操作，成功返回库存所有书籍的信息。
2020-12-22 20:27:09 [信息] 管理员admin登录成功。
2020-12-22 20:27:11 [信息] 查询对booklist有权限的用户的Select、Insert、Update权限
2020-12-22 20:27:15 [信息] 查询并返回对booklist表格所有行有权限的用户的Select、Insert、Update权限
2020-12-22 20:27:28 [信息] 查询对booklist有权限的用户的Select、Insert、Update权限
2020-12-22 20:27:35 [信息] 查询并返回对booklist表格所有行有权限的用户的Select、Insert、Update权限
2020-12-22 20:27:36 [信息] 查询对booklist有权限的用户的Select、Insert、Update权限
2020-12-22 20:27:37 [信息] 查询并返回对booklist表格所有行有权限的用户的Select、Insert、Update权限
2020-12-22 20:27:46 [信息] 查询对booklist有权限的用户的Select、Insert、Update权限
2020-12-22 20:27:55 [信息] 查询并返回对booklist表格所有行有权限的用户的Select、Insert、Update权限
2020-12-22 20:27:56 [信息] 查询对booklist有权限的用户的Select、Insert、Update权限
2020-12-22 20:28:03 [信息] 查询并返回对booklist表格所有行有权限的用户的Select、Insert、Update权限
2020-12-22 20:28:22 [信息] 普通用户customer登录成功。
2020-12-22 20:28:23 [信息] 执行查询操作，成功返回库存所有书籍的信息。
2020-12-22 20:28:41 [信息] 管理员admin登录成功。
2020-12-22 20:28:43 [信息] 查询对booklist有权限的用户的Select、Insert、Update权限
2020-12-22 20:29:04 [信息] 删除用户customer对表格booklist的权限Select
2020-12-22 20:29:06 [信息] 查询对booklist有权限的用户的Select、Insert、Update权限
2020-12-22 20:29:08 [信息] 查询并返回对booklist表格所有行有权限的用户的Select、Insert、Update权限
2020-12-22 20:29:15 [信息] 添加用户customer对表格booklist的权限Select(id)
2020-12-22 20:29:17 [信息] 查询并返回对booklist表格所有行有权限的用户的Select、Insert、Update权限
2020-12-22 20:29:32 [信息] 添加用户customer对表格booklist的权限Select(price)
2020-12-22 20:29:36 [信息] 查询并返回对booklist表格所有行有权限的用户的Select、Insert、Update权限
2020-12-22 20:29:44 [信息] 添加用户customer对表格booklist的权限Select(remain)
2020-12-22 20:29:52 [信息] 添加用户customer对表格booklist的权限Select(name)
2020-12-22 20:29:55 [信息] 查询并返回对booklist表格所有行有权限的用户的Select、Insert、Update权限
2020-12-22 20:30:12 [信息] 普通用户customer登录成功。
2020-12-22 20:30:13 [信息] 执行查询操作，成功返回库存所有书籍的信息。
2020-12-22 20:30:41 [信息] 管理员admin登录成功。
2020-12-22 20:30:44 [信息] 查询并返回对booklist表格所有行有权限的用户的Select、Insert、Update权限
2020-12-22 20:32:10 [信息] 删除用户customer对表格booklist的权限Select(id)
2020-12-22 20:32:22 [信息] 普通用户customer登录成功。
2020-12-22 20:40:21 [信息] 管理员admin登录成功。
2020-12-22 20:40:24 [信息] 查询对booklist有权限的用户的Select、Insert、Update权限
2020-12-22 20:40:39 [信息] 添加用户customer对表格booklist的权限Select,Insert
2020-12-22 20:40:41 [信息] 查询对booklist有权限的用户的Select、Insert、Update权限
2020-12-22 20:40:49 [信息] 普通用户customer登录成功。
2020-12-22 20:40:50 [信息] 执行查询操作，成功返回库存所有书籍的信息。
2020-12-22 20:40:59 [信息] 管理员admin登录成功。
2020-12-22 20:41:02 [信息] 查询对booklist有权限的用户的Select、Insert、Update权限
2020-12-22 20:41:09 [信息] 删除用户customer对表格booklist的权限Insert
2020-12-22 20:41:11 [信息] 查询对booklist有权限的用户的Select、Insert、Update权限
2020-12-22 20:41:18 [信息] 普通用户customer登录成功。
2020-12-22 20:41:48 [信息] 管理员admin登录成功。
2020-12-22 20:41:53 [信息] 查询对booklist有权限的用户的Select、Insert、Update权限
2020-12-22 20:42:08 [信息] 添加用户customer对表格booklist的权限Insert,Update
2020-12-22 20:42:10 [信息] 查询对booklist有权限的用户的Select、Insert、Update权限
2020-12-22 20:42:17 [信息] 删除用户customer对表格booklist的权限Select,Insert,Update
2020-12-22 20:42:19 [信息] 查询对booklist有权限的用户的Select、Insert、Update权限
2020-12-22 20:42:31 [信息] 普通用户customer登录成功。
2020-12-22 20:42:51 [信息] 管理员admin登录成功。
2020-12-22 20:42:54 [信息] 查询并返回对booklist表格所有行有权限的用户的Select、Insert、Update权限
2020-12-22 20:43:39 [信息] 添加用户customer对表格booklist的权限Select(id)
2020-12-22 20:43:42 [信息] 查询并返回对booklist表格所有行有权限的用户的Select、Insert、Update权限
2020-12-22 20:44:00 [信息] 添加用户customer对表格booklist的权限Select(price)
2020-12-22 20:45:24 [信息] 查询并返回对booklist表格所有行有权限的用户的Select、Insert、Update权限
2020-12-22 20:45:30 [信息] 添加用户customer对表格booklist的权限Select(price)
2020-12-22 20:45:38 [信息] 添加用户customer对表格booklist的权限Select(remain)
2020-12-22 20:45:40 [信息] 查询并返回对booklist表格所有行有权限的用户的Select、Insert、Update权限
2020-12-22 20:45:50 [信息] 添加用户customer对表格booklist的权限Select(name)
2020-12-22 20:45:52 [信息] 查询并返回对booklist表格所有行有权限的用户的Select、Insert、Update权限
2020-12-22 20:46:03 [信息] 普通用户customer登录成功。
2020-12-22 20:46:05 [信息] 执行查询操作，成功返回库存所有书籍的信息。
2020-12-22 20:46:41 [信息] 管理员admin登录成功。
2020-12-22 20:46:43 [信息] 查询并返回对booklist表格所有行有权限的用户的Select、Insert、Update权限
2020-12-23 08:01:26 [信息] 管理员admin登录成功。
2020-12-23 08:01:30 [信息] 查询对booklist有权限的用户的Select、Insert、Update权限
2020-12-23 08:01:38 [信息] 添加用户customer对表格booklist的权限Select,Insert,Update
2020-12-23 08:01:39 [信息] 查询对booklist有权限的用户的Select、Insert、Update权限
2020-12-23 08:02:00 [信息] 普通用户customer登录成功。
2020-12-23 08:02:04 [信息] 执行查询操作，成功返回库存所有书籍的信息。
2020-12-23 08:02:15 [信息] 添加书籍book04成功,该书价格为45.8，库存20本。
2020-12-23 08:02:17 [信息] 执行查询操作，成功返回库存所有书籍的信息。
2020-12-23 08:02:30 [信息] 管理员admin登录成功。
2020-12-23 08:02:33 [信息] 查询对booklist有权限的用户的Select、Insert、Update权限
2020-12-23 08:02:47 [信息] 删除用户customer对表格booklist的权限Select,Insert,Update
2020-12-23 08:02:55 [信息] 普通用户customer登录成功。
2020-12-23 08:03:12 [信息] 管理员admin登录成功。
2020-12-23 08:03:15 [信息] 查询对booklist有权限的用户的Select、Insert、Update权限
2020-12-23 08:03:23 [信息] 查询并返回对booklist表格所有行有权限的用户的Select、Insert、Update权限
2020-12-23 08:03:36 [信息] 添加用户customer对表格booklist的权限Select(id),Insert(id),Update(id)
2020-12-23 08:03:38 [信息] 查询并返回对booklist表格所有行有权限的用户的Select、Insert、Update权限
2020-12-23 08:03:46 [信息] 添加用户customer对表格booklist的权限Select(price)
2020-12-23 08:03:53 [信息] 添加用户customer对表格booklist的权限Select(remain)
2020-12-23 08:03:56 [信息] 查询并返回对booklist表格所有行有权限的用户的Select、Insert、Update权限
2020-12-23 08:04:04 [信息] 添加用户customer对表格booklist的权限Select(name)
2020-12-23 08:04:07 [信息] 查询并返回对booklist表格所有行有权限的用户的Select、Insert、Update权限
2020-12-23 08:04:16 [信息] 普通用户customer登录成功。
2020-12-23 08:04:17 [信息] 执行查询操作，成功返回库存所有书籍的信息。
2020-12-23 08:04:30 [信息] 管理员admin登录成功。
2020-12-23 08:04:32 [信息] 查询并返回对booklist表格所有行有权限的用户的Select、Insert、Update权限
2020-12-23 08:04:40 [信息] 删除用户customer对表格booklist的权限Select(id),Insert(id),Update(id)
2020-12-23 08:04:42 [信息] 查询并返回对booklist表格所有行有权限的用户的Select、Insert、Update权限
2020-12-28 21:54:06 [信息] 管理员admin登录成功。
2020-12-28 21:54:14 [信息] 查询对booklist有权限的用户的Select、Insert、Update权限
2020-12-28 21:54:21 [信息] 添加用户customer对表格booklist的权限Select
2020-12-28 21:54:23 [信息] 查询对booklist有权限的用户的Select、Insert、Update权限
2020-12-28 21:55:03 [信息] 查询并返回对booklist表格所有行有权限的用户的Select、Insert、Update权限
2020-12-28 22:07:05 [信息] 普通用户customer登录成功。
2020-12-28 22:08:09 [信息] 普通用户customer登录成功。
2020-12-28 22:08:10 [信息] 执行查询操作，成功返回库存所有书籍的信息。
2020-12-28 22:08:21 [信息] 书籍book01已存在，无需添加。
2020-12-28 22:08:24 [信息] 执行查询操作，成功返回库存所有书籍的信息。
2020-12-28 23:58:44 [信息] 普通用户customer登录成功。
2020-12-28 23:58:52 [信息] 执行查询操作，成功返回库存所有书籍的信息。
2020-12-29 00:08:21 [信息] 普通用户customer登录成功。
2020-12-29 00:08:22 [信息] 执行查询操作，成功返回库存所有书籍的信息。
2020-12-29 00:26:29 [信息] 普通用户customer登录成功。
2020-12-29 00:26:56 [信息] 执行查询操作，成功返回库存所有书籍的信息。
2020-12-29 00:28:12 [信息] 执行查询操作，成功返回库存所有书籍的信息。
2020-12-29 01:02:07 [信息] 普通用户customer登录成功。
2020-12-29 01:02:09 [信息] 执行查询操作，成功返回库存所有书籍的信息。
2020-12-29 01:02:58 [信息] 执行查询操作，成功返回库存所有书籍的信息。
2020-12-29 01:03:11 [信息] 普通用户customer登录成功。
2020-12-29 01:06:42 [信息] 普通用户customer登录成功。
2020-12-29 01:06:44 [信息] 执行查询操作，成功返回库存所有书籍的信息。
2020-12-29 01:09:18 [信息] 普通用户customer登录成功。
2020-12-29 01:27:00 [信息] 普通用户customer登录成功。
2020-12-29 01:27:02 [信息] 执行查询操作，成功返回库存所有书籍的信息。
2020-12-29 01:28:23 [信息] 普通用户customer登录成功。
2020-12-29 01:28:24 [信息] 执行查询操作，成功返回库存所有书籍的信息。
2020-12-29 01:35:16 [信息] 普通用户customer登录成功。
2020-12-29 01:35:17 [信息] 执行查询操作，成功返回库存所有书籍的信息。
2020-12-29 01:40:38 [信息] 普通用户customer登录成功。
2020-12-29 01:44:23 [信息] 普通用户customer登录成功。
2020-12-29 01:44:24 [信息] 执行查询操作，成功返回库存所有书籍的信息。
2020-12-29 01:47:46 [信息] 普通用户customer登录成功。
2020-12-29 01:47:47 [信息] 执行查询操作，成功返回库存所有书籍的信息。
2020-12-29 01:51:28 [信息] 普通用户customer登录成功。
2020-12-29 02:01:10 [信息] 普通用户customer登录成功。
2020-12-29 02:07:55 [信息] 普通用户customer登录成功。
2020-12-29 02:10:24 [信息] 普通用户customer登录成功。
2020-12-29 02:10:25 [信息] 执行查询操作，成功返回库存所有书籍的信息。
2020-12-29 02:12:00 [信息] 普通用户customer登录成功。
2020-12-29 02:12:01 [信息] 执行查询操作，成功返回库存所有书籍的信息。
2020-12-29 02:13:52 [信息] 普通用户customer登录成功。
2020-12-29 02:14:02 [信息] 执行查询操作，成功返回库存所有书籍的信息。
2020-12-29 02:15:33 [信息] 普通用户customer登录成功。
2020-12-29 02:16:45 [信息] 普通用户customer登录成功。
2020-12-29 02:16:45 [信息] 执行查询操作，成功返回库存所有书籍的信息。
2020-12-29 02:16:49 [信息] 执行查询操作，成功返回库存所有书籍的信息。
2020-12-29 02:16:50 [信息] 执行查询操作，成功返回库存所有书籍的信息。
2020-12-29 02:17:00 [信息] 普通用户customer登录成功。
2020-12-29 02:17:02 [信息] 执行查询操作，成功返回库存所有书籍的信息。
2020-12-29 02:17:21 [信息] 执行查询操作，成功返回库存所有书籍的信息。
2020-12-29 02:17:41 [信息] 管理员admin登录成功。
2020-12-29 02:18:49 [信息] 普通用户customer登录成功。
2020-12-29 02:18:59 [信息] 执行查询操作，成功返回库存所有书籍的信息。
2020-12-29 02:19:01 [信息] 执行查询操作，成功返回库存所有书籍的信息。
2020-12-29 02:19:14 [信息] 执行查询操作，成功返回库存所有书籍的信息。
2020-12-29 02:22:42 [信息] 普通用户customer登录成功。
2020-12-29 02:22:44 [信息] 执行查询操作，成功返回库存所有书籍的信息。
2020-12-29 02:24:29 [信息] 普通用户customer登录成功。
2020-12-29 02:27:40 [信息] 普通用户customer登录成功。
2020-12-29 02:28:26 [信息] 普通用户customer登录成功。
2020-12-29 02:29:27 [信息] 普通用户customer登录成功。
2020-12-29 02:29:39 [信息] 书籍book06已存在，无需添加。
2020-12-29 02:32:33 [信息] 普通用户customer登录成功。
2020-12-29 02:32:36 [信息] 执行查询操作，成功返回库存所有书籍的信息。
2020-12-29 22:27:41 [信息] 普通用户customer登录成功。
2020-12-29 22:27:42 [信息] 执行查询操作，成功返回库存所有书籍的信息。
2020-12-29 22:27:51 [信息] 用户customer向管理员发送添加图书请求，并将图书信息发送给管理员
2020-12-29 22:30:48 [信息] 普通用户customer登录成功。
2020-12-29 22:30:50 [信息] 执行查询操作，成功返回库存所有书籍的信息。
2020-12-29 22:31:07 [信息] 用户customer向管理员发送添加图书请求，并将图书信息发送给管理员
2020-12-29 22:31:59 [信息] 普通用户customer登录成功。
2020-12-29 22:32:00 [信息] 执行查询操作，成功返回库存所有书籍的信息。
2020-12-29 22:32:07 [信息] 用户customer向管理员发送添加图书请求，并将图书信息发送给管理员
2020-12-29 22:34:02 [信息] 普通用户customer登录成功。
2020-12-29 22:34:03 [信息] 执行查询操作，成功返回库存所有书籍的信息。
2020-12-29 22:34:14 [信息] 用户customer向管理员发送添加图书请求，并将图书信息发送给管理员
2020-12-29 22:35:04 [信息] 普通用户customer登录成功。
2020-12-29 22:35:05 [信息] 执行查询操作，成功返回库存所有书籍的信息。
2020-12-29 22:36:03 [信息] 普通用户customer登录成功。
2020-12-29 22:36:04 [信息] 执行查询操作，成功返回库存所有书籍的信息。
2020-12-29 22:36:12 [信息] 用户customer向管理员发送添加图书请求，并将图书信息发送给管理员
2020-12-29 22:36:37 [信息] 普通用户customer登录成功。
2020-12-29 22:36:39 [信息] 执行查询操作，成功返回库存所有书籍的信息。
2020-12-30 08:13:40 [信息] 普通用户customer登录成功。
2020-12-30 08:13:41 [信息] 执行查询操作，成功返回库存所有书籍的信息。
2020-12-30 08:13:57 [信息] 用户customer向管理员发送添加图书请求，并将图书信息发送给管理员
2020-12-30 08:14:12 [信息] 普通用户customer登录成功。
2020-12-30 08:14:14 [信息] 执行查询操作，成功返回库存所有书籍的信息。
2020-12-30 08:20:02 [信息] 普通用户customer登录成功。
2020-12-30 08:20:04 [信息] 执行查询操作，成功返回库存所有书籍的信息。
2020-12-30 08:20:23 [信息] 用户customer向管理员发送添加图书请求，并将图书信息发送给管理员
2020-12-30 08:21:11 [信息] 普通用户customer登录成功。
2020-12-30 08:21:13 [信息] 执行查询操作，成功返回库存所有书籍的信息。
2021-01-06 16:42:17 [信息] 普通用户business登录成功。
2021-01-06 16:42:19 [信息] 执行查询操作，成功返回库存所有书籍的信息。
2021-01-06 16:42:35 [信息] 执行查询操作，成功返回库存所有书籍的信息。
2021-01-06 16:49:51 [信息] 用户business向管理员发送添加图书请求，并将图书信息发送给管理员
2021-01-06 16:53:32 [信息] 普通用户business登录成功。
2021-01-06 16:53:34 [信息] 执行查询操作，成功返回库存所有书籍的信息。
